<?xml version="1.0" encoding="UTF-8"?>
<!-- Generated by org.testng.reporters.JUnitXMLReporter -->
<testsuite hostname="DESKTOP-5ASHKJ7" ignored="1" name="Test" tests="3" failures="0" timestamp="13 Mar 2022 16:29:00 GMT" time="0.07" errors="0">
  <testcase name="TC2" time="0.016" classname="Firstpackage.LoginTest"/>
  <testcase name="TC3" time="0.003" classname="Firstpackage.LoginTest"/>
  <testcase name="TC1" time="0.007" classname="Firstpackage.LoginTest"/>
  <testcase name="f" time="0.0" classname="Firstpackage.NewTest">
    <ignored/>
  </testcase> <!-- f -->
</testsuite> <!-- Test -->
