<?xml version="1.0" encoding="UTF-8"?>
<!-- Generated by org.testng.reporters.JUnitXMLReporter -->
<testsuite hostname="DESKTOP-HG4UHSB" ignored="0" name="Default test" tests="3" failures="0" timestamp="2022-03-16T09:18:27 IST" time="0.129" errors="0">
  <testcase name="TC2" time="0.016" classname="Firstpackage.LoginTest"/>
  <testcase name="TC3" time="0.006" classname="Firstpackage.LoginTest"/>
  <testcase name="TC1" time="0.039" classname="Firstpackage.LoginTest"/>
</testsuite> <!-- Default test -->
