<?xml version="1.0" encoding="UTF-8"?>
<!-- Generated by org.testng.reporters.JUnitXMLReporter -->
<testsuite hostname="DESKTOP-5ASHKJ7" ignored="1" name="Default test" tests="9" failures="0" timestamp="13 Mar 2022 15:41:00 GMT" time="0.118" errors="0">
  <testcase name="TC2" time="0.014" classname="Firstpackage.LoginTest"/>
  <testcase name="TC1" time="0.003" classname="Firstpackage.LoginTest"/>
  <testcase name="TC1" time="0.001" classname="Firstpackage.LoginTest"/>
  <testcase name="TC1" time="0.002" classname="Firstpackage.LoginTest"/>
  <testcase name="TC1" time="0.002" classname="Firstpackage.LoginTest"/>
  <testcase name="TC1" time="0.005" classname="Firstpackage.LoginTest"/>
  <testcase name="TC4" time="0.005" classname="Firstpackage.LoginTest"/>
  <testcase name="TC5" time="0.005" classname="Firstpackage.LoginTest"/>
  <testcase name="TC6" time="0.004" classname="Firstpackage.LoginTest"/>
  <testcase name="TC3" time="0.0" classname="Firstpackage.LoginTest">
    <ignored/>
  </testcase> <!-- TC3 -->
</testsuite> <!-- Default test -->
