<?xml version="1.0" encoding="UTF-8"?>
<testng-results skipped="0" failed="0" ignored="1" total="1" passed="0">
  <reporter-output>
  </reporter-output>
  <suite name="Default suite" duration-ms="11" started-at="2022-03-13T02:14:31Z" finished-at="2022-03-13T02:14:31Z">
    <groups>
    </groups>
    <test name="Default test" duration-ms="11" started-at="2022-03-13T02:14:31Z" finished-at="2022-03-13T02:14:31Z">
      <class name="com.test.testngclasses.NewTest">
        <test-method status="PASS" signature="beforeSuite()[pri:0, instance:com.test.testngclasses.NewTest@2a5ca609]" name="beforeSuite" is-config="true" duration-ms="19" started-at="2022-03-13T02:14:31Z" finished-at="2022-03-13T02:14:31Z">
          <reporter-output>
          </reporter-output>
        </test-method> <!-- beforeSuite -->
        <test-method status="PASS" signature="beforeTest()[pri:0, instance:com.test.testngclasses.NewTest@2a5ca609]" name="beforeTest" is-config="true" duration-ms="1" started-at="2022-03-13T02:14:31Z" finished-at="2022-03-13T02:14:31Z">
          <reporter-output>
          </reporter-output>
        </test-method> <!-- beforeTest -->
        <test-method status="PASS" signature="afterTest()[pri:0, instance:com.test.testngclasses.NewTest@2a5ca609]" name="afterTest" is-config="true" duration-ms="1" started-at="2022-03-13T02:14:31Z" finished-at="2022-03-13T02:14:31Z">
          <reporter-output>
          </reporter-output>
        </test-method> <!-- afterTest -->
        <test-method status="PASS" signature="afterSuite()[pri:0, instance:com.test.testngclasses.NewTest@2a5ca609]" name="afterSuite" is-config="true" duration-ms="3" started-at="2022-03-13T02:14:31Z" finished-at="2022-03-13T02:14:31Z">
          <reporter-output>
          </reporter-output>
        </test-method> <!-- afterSuite -->
      </class> <!-- com.test.testngclasses.NewTest -->
    </test> <!-- Default test -->
  </suite> <!-- Default suite -->
</testng-results>
